<?xml version="1.0" encoding="UTF-8"?>
<!-- Generated by org.testng.reporters.JUnitReportReporter -->
<testsuite skipped="0" hostname="DrVin" name="ReadDataFromHTMLTable.ReadDataHTML" tests="1" failures="0" timestamp="02 Aug 2019 08:20:57 GMT" time="21.010" errors="0">
  <testcase name="ReadDataFromHTML" time="21.010" classname="ReadDataFromHTMLTable.ReadDataHTML"/>
</testsuite> <!-- ReadDataFromHTMLTable.ReadDataHTML -->
