<?xml version="1.0" encoding="UTF-8"?>
<!-- Generated by org.testng.reporters.JUnitReportReporter -->
<testsuite skipped="0" hostname="DrVin" name="ReadDataFromHTMLTable.ReadDataHTML" tests="1" failures="0" timestamp="27 Jul 2019 08:32:47 GMT" time="23.076" errors="0">
  <testcase name="ReadDataFromHTML" time="23.076" classname="ReadDataFromHTMLTable.ReadDataHTML"/>
</testsuite> <!-- ReadDataFromHTMLTable.ReadDataHTML -->
