<?xml version="1.0" encoding="UTF-8"?>
<!-- Generated by org.testng.reporters.JUnitReportReporter -->
<testsuite skipped="0" hostname="DrVin" name="ReadDataFromHTMLTable.AlertPopUpHandling" tests="1" failures="0" timestamp="27 Jul 2019 08:44:28 GMT" time="10.477" errors="0">
  <testcase name="AlertPopUp" time="10.477" classname="ReadDataFromHTMLTable.AlertPopUpHandling"/>
</testsuite> <!-- ReadDataFromHTMLTable.AlertPopUpHandling -->
