<?xml version="1.0" encoding="UTF-8"?>
<!-- Generated by org.testng.reporters.JUnitReportReporter -->
<testsuite skipped="0" hostname="DrVin" name="NewProjectAutomation.NewProject" tests="1" failures="0" timestamp="05 Aug 2019 14:55:13 GMT" time="47.698" errors="0">
  <testcase name="newProject" time="47.698" classname="NewProjectAutomation.NewProject"/>
</testsuite> <!-- NewProjectAutomation.NewProject -->
